<?xml version="1.0" encoding="UTF-8"?>
<testng-results ignored="0" total="2" passed="2" failed="0" skipped="0">
  <reporter-output>
  </reporter-output>
  <suite started-at="2023-01-31T13:54:44 IST" name="TestCases.TestMultiple" finished-at="2023-01-31T13:54:55 IST" duration-ms="10536">
    <groups>
    </groups>
    <test started-at="2023-01-31T13:54:44 IST" name="Command line test" finished-at="2023-01-31T13:54:55 IST" duration-ms="10536">
      <class name="TestCases.TestMultiple">
        <test-method is-config="true" signature="setup()[pri:0, instance:TestCases.TestMultiple@fdefd3f]" started-at="2023-01-31T13:54:44 IST" name="setup" finished-at="2023-01-31T13:54:48 IST" duration-ms="3419" status="PASS">
          <reporter-output>
          </reporter-output>
        </test-method> <!-- setup -->
        <test-method signature="testHover()[pri:0, instance:TestCases.TestMultiple@fdefd3f]" started-at="2023-01-31T13:54:48 IST" name="testHover" finished-at="2023-01-31T13:54:53 IST" duration-ms="4930" status="PASS">
          <reporter-output>
          </reporter-output>
        </test-method> <!-- testHover -->
        <test-method signature="testRepatedChards()[pri:0, instance:TestCases.TestMultiple@fdefd3f]" started-at="2023-01-31T13:54:53 IST" name="testRepatedChards" finished-at="2023-01-31T13:54:55 IST" duration-ms="2004" status="PASS">
          <reporter-output>
          </reporter-output>
        </test-method> <!-- testRepatedChards -->
        <test-method is-config="true" signature="teardown()[pri:0, instance:TestCases.TestMultiple@fdefd3f]" started-at="2023-01-31T13:54:55 IST" name="teardown" finished-at="2023-01-31T13:54:55 IST" duration-ms="156" status="PASS">
          <reporter-output>
          </reporter-output>
        </test-method> <!-- teardown -->
      </class> <!-- TestCases.TestMultiple -->
    </test> <!-- Command line test -->
  </suite> <!-- TestCases.TestMultiple -->
</testng-results>
