<?xml version="1.0" encoding="UTF-8"?>
<testng-results skipped="0" failed="0" ignored="0" total="2" passed="2">
  <reporter-output>
  </reporter-output>
  <suite name="Default suite" duration-ms="14660" started-at="2023-02-04T10:14:50 IST" finished-at="2023-02-04T10:15:04 IST">
    <groups>
    </groups>
    <test name="Default test" duration-ms="14660" started-at="2023-02-04T10:14:50 IST" finished-at="2023-02-04T10:15:04 IST">
      <class name="TestCases.TestMultiple">
        <test-method status="PASS" signature="setup()[pri:0, instance:TestCases.TestMultiple@37374a5e]" name="setup" is-config="true" duration-ms="6883" started-at="2023-02-04T10:14:50 IST" finished-at="2023-02-04T10:14:56 IST">
          <reporter-output>
          </reporter-output>
        </test-method> <!-- setup -->
        <test-method status="PASS" signature="testHover()[pri:0, instance:TestCases.TestMultiple@37374a5e]" name="testHover" duration-ms="5084" started-at="2023-02-04T10:14:56 IST" finished-at="2023-02-04T10:15:02 IST">
          <reporter-output>
          </reporter-output>
        </test-method> <!-- testHover -->
        <test-method status="PASS" signature="testRepatedChards()[pri:0, instance:TestCases.TestMultiple@37374a5e]" name="testRepatedChards" duration-ms="2006" started-at="2023-02-04T10:15:02 IST" finished-at="2023-02-04T10:15:04 IST">
          <reporter-output>
          </reporter-output>
        </test-method> <!-- testRepatedChards -->
        <test-method status="PASS" signature="teardown()[pri:0, instance:TestCases.TestMultiple@37374a5e]" name="teardown" is-config="true" duration-ms="642" started-at="2023-02-04T10:15:04 IST" finished-at="2023-02-04T10:15:04 IST">
          <reporter-output>
          </reporter-output>
        </test-method> <!-- teardown -->
      </class> <!-- TestCases.TestMultiple -->
    </test> <!-- Default test -->
  </suite> <!-- Default suite -->
</testng-results>
