<?xml version="1.0" encoding="UTF-8"?>
<testng-results skipped="0" failed="0" ignored="0" total="2" passed="2">
  <reporter-output>
  </reporter-output>
  <suite name="Default suite" duration-ms="13683" started-at="2023-01-31T13:53:40 IST" finished-at="2023-01-31T13:53:53 IST">
    <groups>
    </groups>
    <test name="Default test" duration-ms="13683" started-at="2023-01-31T13:53:40 IST" finished-at="2023-01-31T13:53:53 IST">
      <class name="TestCases.TestMultiple">
        <test-method status="PASS" signature="setup()[pri:0, instance:TestCases.TestMultiple@37374a5e]" name="setup" is-config="true" duration-ms="5919" started-at="2023-01-31T13:53:40 IST" finished-at="2023-01-31T13:53:46 IST">
          <reporter-output>
          </reporter-output>
        </test-method> <!-- setup -->
        <test-method status="PASS" signature="testHover()[pri:0, instance:TestCases.TestMultiple@37374a5e]" name="testHover" duration-ms="5053" started-at="2023-01-31T13:53:46 IST" finished-at="2023-01-31T13:53:51 IST">
          <reporter-output>
          </reporter-output>
        </test-method> <!-- testHover -->
        <test-method status="PASS" signature="testRepatedChards()[pri:0, instance:TestCases.TestMultiple@37374a5e]" name="testRepatedChards" duration-ms="2012" started-at="2023-01-31T13:53:51 IST" finished-at="2023-01-31T13:53:53 IST">
          <reporter-output>
          </reporter-output>
        </test-method> <!-- testRepatedChards -->
        <test-method status="PASS" signature="teardown()[pri:0, instance:TestCases.TestMultiple@37374a5e]" name="teardown" is-config="true" duration-ms="669" started-at="2023-01-31T13:53:53 IST" finished-at="2023-01-31T13:53:53 IST">
          <reporter-output>
          </reporter-output>
        </test-method> <!-- teardown -->
      </class> <!-- TestCases.TestMultiple -->
    </test> <!-- Default test -->
  </suite> <!-- Default suite -->
</testng-results>
